

============================== 2023-03-13 00:31:09.759508 | 0eebb1c3-d028-42de-854e-1e22dcc490e4 ==============================
[0m00:31:09.759508 [info ] [MainThread]: Running with dbt=1.4.5
[0m00:31:09.760452 [debug] [MainThread]: running dbt with arguments {'write_json': True, 'use_colors': True, 'printer_width': 80, 'version_check': True, 'partial_parse': True, 'static_parser': True, 'profiles_dir': '/Users/irfan/.dbt', 'send_anonymous_usage_stats': True, 'quiet': False, 'no_print': False, 'cache_selected_only': False, 'project_name': 'ae-bootcamp', 'skip_profile_setup': False, 'which': 'init', 'indirect_selection': 'eager'}
[0m00:31:09.760562 [debug] [MainThread]: Tracking: tracking
[0m00:31:09.776204 [debug] [MainThread]: Sending event: {'category': 'dbt', 'action': 'invocation', 'label': 'start', 'context': [<snowplow_tracker.self_describing_json.SelfDescribingJson object at 0x110425340>, <snowplow_tracker.self_describing_json.SelfDescribingJson object at 0x11041d370>, <snowplow_tracker.self_describing_json.SelfDescribingJson object at 0x11042f8b0>]}
[0m00:32:16.445027 [debug] [MainThread]: Starter project path: /Users/irfan/Documents/Work/bigquery_course/bigquery_dwh_using_dbt/bigquery_dbt-env/lib/python3.9/site-packages/dbt/include/starter_project
[0m00:34:32.121147 [info ] [MainThread]: Profile bigquery_dwh_using_dbt written to /Users/irfan/.dbt/profiles.yml using target's profile_template.yml and your supplied values. Run 'dbt debug' to validate the connection.
[0m00:34:32.121720 [info ] [MainThread]: 
Your new dbt project "bigquery_dwh_using_dbt" was created!

For more information on how to configure the profiles.yml file,
please consult the dbt documentation here:

  https://docs.getdbt.com/docs/configure-your-profile

One more thing:

Need help? Don't hesitate to reach out to us via GitHub issues or on Slack:

  https://community.getdbt.com/

Happy modeling!

[0m00:34:32.122007 [debug] [MainThread]: Sending event: {'category': 'dbt', 'action': 'invocation', 'label': 'end', 'context': [<snowplow_tracker.self_describing_json.SelfDescribingJson object at 0x1102c7880>, <snowplow_tracker.self_describing_json.SelfDescribingJson object at 0x1102c7fa0>, <snowplow_tracker.self_describing_json.SelfDescribingJson object at 0x1102c77f0>]}
[0m00:34:32.122211 [debug] [MainThread]: Flushing usage events


============================== 2023-03-13 00:34:54.445082 | b5a67402-e8f8-43fd-9585-7610b085daf6 ==============================
[0m00:34:54.445082 [info ] [MainThread]: Running with dbt=1.4.5
[0m00:34:54.445925 [debug] [MainThread]: running dbt with arguments {'write_json': True, 'use_colors': True, 'printer_width': 80, 'version_check': True, 'partial_parse': True, 'static_parser': True, 'profiles_dir': '/Users/irfan/.dbt', 'send_anonymous_usage_stats': True, 'quiet': False, 'no_print': False, 'cache_selected_only': False, 'config_dir': False, 'which': 'debug', 'indirect_selection': 'eager'}
[0m00:34:54.446031 [debug] [MainThread]: Tracking: tracking
[0m00:34:54.456983 [debug] [MainThread]: Sending event: {'category': 'dbt', 'action': 'invocation', 'label': 'start', 'context': [<snowplow_tracker.self_describing_json.SelfDescribingJson object at 0x104965c70>, <snowplow_tracker.self_describing_json.SelfDescribingJson object at 0x1049955e0>, <snowplow_tracker.self_describing_json.SelfDescribingJson object at 0x10499d640>]}
[0m00:34:54.659639 [info ] [MainThread]: Error importing adapter: No module named 'dbt.adapters.snowflake'
[0m00:34:54.660113 [debug] [MainThread]: Executing "git --help"
[0m00:34:54.666841 [debug] [MainThread]: STDOUT: "b"usage: git [-v | --version] [-h | --help] [-C <path>] [-c <name>=<value>]\n           [--exec-path[=<path>]] [--html-path] [--man-path] [--info-path]\n           [-p | --paginate | -P | --no-pager] [--no-replace-objects] [--bare]\n           [--git-dir=<path>] [--work-tree=<path>] [--namespace=<name>]\n           [--super-prefix=<path>] [--config-env=<name>=<envvar>]\n           <command> [<args>]\n\nThese are common Git commands used in various situations:\n\nstart a working area (see also: git help tutorial)\n   clone     Clone a repository into a new directory\n   init      Create an empty Git repository or reinitialize an existing one\n\nwork on the current change (see also: git help everyday)\n   add       Add file contents to the index\n   mv        Move or rename a file, a directory, or a symlink\n   restore   Restore working tree files\n   rm        Remove files from the working tree and from the index\n\nexamine the history and state (see also: git help revisions)\n   bisect    Use binary search to find the commit that introduced a bug\n   diff      Show changes between commits, commit and working tree, etc\n   grep      Print lines matching a pattern\n   log       Show commit logs\n   show      Show various types of objects\n   status    Show the working tree status\n\ngrow, mark and tweak your common history\n   branch    List, create, or delete branches\n   commit    Record changes to the repository\n   merge     Join two or more development histories together\n   rebase    Reapply commits on top of another base tip\n   reset     Reset current HEAD to the specified state\n   switch    Switch branches\n   tag       Create, list, delete or verify a tag object signed with GPG\n\ncollaborate (see also: git help workflows)\n   fetch     Download objects and refs from another repository\n   pull      Fetch from and integrate with another repository or a local branch\n   push      Update remote refs along with associated objects\n\n'git help -a' and 'git help -g' list available subcommands and some\nconcept guides. See 'git help <command>' or 'git help <concept>'\nto read about a specific subcommand or concept.\nSee 'git help git' for an overview of the system.\n""
[0m00:34:54.667421 [debug] [MainThread]: STDERR: "b''"
[0m00:34:54.667854 [debug] [MainThread]: Sending event: {'category': 'dbt', 'action': 'invocation', 'label': 'end', 'context': [<snowplow_tracker.self_describing_json.SelfDescribingJson object at 0x10497b640>, <snowplow_tracker.self_describing_json.SelfDescribingJson object at 0x10387ddc0>, <snowplow_tracker.self_describing_json.SelfDescribingJson object at 0x1059d21c0>]}
[0m00:34:54.668169 [debug] [MainThread]: Flushing usage events


============================== 2023-03-13 00:39:41.856397 | 6846f712-a9d5-4200-a7f7-9760a49cb6b7 ==============================
[0m00:39:41.856397 [info ] [MainThread]: Running with dbt=1.4.5
[0m00:39:41.857449 [debug] [MainThread]: running dbt with arguments {'write_json': True, 'use_colors': True, 'printer_width': 80, 'version_check': True, 'partial_parse': True, 'static_parser': True, 'profiles_dir': '/Users/irfan/.dbt', 'send_anonymous_usage_stats': True, 'quiet': False, 'no_print': False, 'cache_selected_only': False, 'config_dir': False, 'which': 'debug', 'indirect_selection': 'eager'}
[0m00:39:41.857595 [debug] [MainThread]: Tracking: tracking
[0m00:39:41.868746 [debug] [MainThread]: Sending event: {'category': 'dbt', 'action': 'invocation', 'label': 'start', 'context': [<snowplow_tracker.self_describing_json.SelfDescribingJson object at 0x106eb8610>, <snowplow_tracker.self_describing_json.SelfDescribingJson object at 0x106ed5700>, <snowplow_tracker.self_describing_json.SelfDescribingJson object at 0x106ebb250>]}
[0m00:39:42.082641 [info ] [MainThread]: Error importing adapter: No module named 'dbt.adapters.snowflake'
[0m00:39:42.083131 [debug] [MainThread]: Executing "git --help"
[0m00:39:42.102338 [debug] [MainThread]: STDOUT: "b"usage: git [-v | --version] [-h | --help] [-C <path>] [-c <name>=<value>]\n           [--exec-path[=<path>]] [--html-path] [--man-path] [--info-path]\n           [-p | --paginate | -P | --no-pager] [--no-replace-objects] [--bare]\n           [--git-dir=<path>] [--work-tree=<path>] [--namespace=<name>]\n           [--super-prefix=<path>] [--config-env=<name>=<envvar>]\n           <command> [<args>]\n\nThese are common Git commands used in various situations:\n\nstart a working area (see also: git help tutorial)\n   clone     Clone a repository into a new directory\n   init      Create an empty Git repository or reinitialize an existing one\n\nwork on the current change (see also: git help everyday)\n   add       Add file contents to the index\n   mv        Move or rename a file, a directory, or a symlink\n   restore   Restore working tree files\n   rm        Remove files from the working tree and from the index\n\nexamine the history and state (see also: git help revisions)\n   bisect    Use binary search to find the commit that introduced a bug\n   diff      Show changes between commits, commit and working tree, etc\n   grep      Print lines matching a pattern\n   log       Show commit logs\n   show      Show various types of objects\n   status    Show the working tree status\n\ngrow, mark and tweak your common history\n   branch    List, create, or delete branches\n   commit    Record changes to the repository\n   merge     Join two or more development histories together\n   rebase    Reapply commits on top of another base tip\n   reset     Reset current HEAD to the specified state\n   switch    Switch branches\n   tag       Create, list, delete or verify a tag object signed with GPG\n\ncollaborate (see also: git help workflows)\n   fetch     Download objects and refs from another repository\n   pull      Fetch from and integrate with another repository or a local branch\n   push      Update remote refs along with associated objects\n\n'git help -a' and 'git help -g' list available subcommands and some\nconcept guides. See 'git help <command>' or 'git help <concept>'\nto read about a specific subcommand or concept.\nSee 'git help git' for an overview of the system.\n""
[0m00:39:42.102937 [debug] [MainThread]: STDERR: "b''"
[0m00:39:42.103425 [debug] [MainThread]: Sending event: {'category': 'dbt', 'action': 'invocation', 'label': 'end', 'context': [<snowplow_tracker.self_describing_json.SelfDescribingJson object at 0x106ee5f10>, <snowplow_tracker.self_describing_json.SelfDescribingJson object at 0x1056de970>, <snowplow_tracker.self_describing_json.SelfDescribingJson object at 0x11938f190>]}
[0m00:39:42.103758 [debug] [MainThread]: Flushing usage events


============================== 2023-03-13 02:15:05.976040 | 96ebe53b-644d-42cb-83e1-2ded3621d0f3 ==============================
[0m02:15:05.976040 [info ] [MainThread]: Running with dbt=1.4.5
[0m02:15:05.977090 [debug] [MainThread]: running dbt with arguments {'write_json': True, 'use_colors': True, 'printer_width': 80, 'version_check': True, 'partial_parse': True, 'static_parser': True, 'profiles_dir': '/Users/irfan/.dbt', 'send_anonymous_usage_stats': True, 'quiet': False, 'no_print': False, 'cache_selected_only': False, 'config_dir': False, 'which': 'debug', 'indirect_selection': 'eager'}
[0m02:15:05.977236 [debug] [MainThread]: Tracking: tracking
[0m02:15:05.991476 [debug] [MainThread]: Sending event: {'category': 'dbt', 'action': 'invocation', 'label': 'start', 'context': [<snowplow_tracker.self_describing_json.SelfDescribingJson object at 0x104c766a0>, <snowplow_tracker.self_describing_json.SelfDescribingJson object at 0x10b251ca0>, <snowplow_tracker.self_describing_json.SelfDescribingJson object at 0x10b261a00>]}
[0m02:15:06.229064 [debug] [MainThread]: Executing "git --help"
[0m02:15:06.242354 [debug] [MainThread]: STDOUT: "b"usage: git [-v | --version] [-h | --help] [-C <path>] [-c <name>=<value>]\n           [--exec-path[=<path>]] [--html-path] [--man-path] [--info-path]\n           [-p | --paginate | -P | --no-pager] [--no-replace-objects] [--bare]\n           [--git-dir=<path>] [--work-tree=<path>] [--namespace=<name>]\n           [--super-prefix=<path>] [--config-env=<name>=<envvar>]\n           <command> [<args>]\n\nThese are common Git commands used in various situations:\n\nstart a working area (see also: git help tutorial)\n   clone     Clone a repository into a new directory\n   init      Create an empty Git repository or reinitialize an existing one\n\nwork on the current change (see also: git help everyday)\n   add       Add file contents to the index\n   mv        Move or rename a file, a directory, or a symlink\n   restore   Restore working tree files\n   rm        Remove files from the working tree and from the index\n\nexamine the history and state (see also: git help revisions)\n   bisect    Use binary search to find the commit that introduced a bug\n   diff      Show changes between commits, commit and working tree, etc\n   grep      Print lines matching a pattern\n   log       Show commit logs\n   show      Show various types of objects\n   status    Show the working tree status\n\ngrow, mark and tweak your common history\n   branch    List, create, or delete branches\n   commit    Record changes to the repository\n   merge     Join two or more development histories together\n   rebase    Reapply commits on top of another base tip\n   reset     Reset current HEAD to the specified state\n   switch    Switch branches\n   tag       Create, list, delete or verify a tag object signed with GPG\n\ncollaborate (see also: git help workflows)\n   fetch     Download objects and refs from another repository\n   pull      Fetch from and integrate with another repository or a local branch\n   push      Update remote refs along with associated objects\n\n'git help -a' and 'git help -g' list available subcommands and some\nconcept guides. See 'git help <command>' or 'git help <concept>'\nto read about a specific subcommand or concept.\nSee 'git help git' for an overview of the system.\n""
[0m02:15:06.242890 [debug] [MainThread]: STDERR: "b''"
[0m02:15:06.250680 [debug] [MainThread]: Acquiring new bigquery connection 'debug'
[0m02:15:06.251173 [debug] [MainThread]: Opening a new connection, currently in state init
[0m02:15:06.837478 [debug] [MainThread]: On debug: select 1 as id
[0m02:15:08.193720 [debug] [MainThread]: BigQuery adapter: https://console.cloud.google.com/bigquery?project=bigquery-northwind-traders&j=bq:US:6c4a6aa0-fae2-4871-92f5-42ec67326c69&page=queryresults
[0m02:15:08.195050 [debug] [MainThread]: Sending event: {'category': 'dbt', 'action': 'invocation', 'label': 'end', 'context': [<snowplow_tracker.self_describing_json.SelfDescribingJson object at 0x107b7f280>, <snowplow_tracker.self_describing_json.SelfDescribingJson object at 0x10c57da00>, <snowplow_tracker.self_describing_json.SelfDescribingJson object at 0x10c57d040>]}
[0m02:15:08.195576 [debug] [MainThread]: Flushing usage events
[0m02:15:08.415272 [debug] [MainThread]: Connection 'debug' was properly closed.


============================== 2023-03-13 23:29:19.960026 | ca6bb32e-9bd2-463c-856d-adc245a4bfdf ==============================
[0m23:29:19.960026 [info ] [MainThread]: Running with dbt=1.4.5
[0m23:29:19.961169 [debug] [MainThread]: running dbt with arguments {'write_json': True, 'use_colors': True, 'printer_width': 80, 'version_check': True, 'partial_parse': True, 'static_parser': True, 'profiles_dir': '/Users/irfan/.dbt', 'send_anonymous_usage_stats': True, 'quiet': False, 'no_print': False, 'cache_selected_only': False, 'config_dir': False, 'which': 'debug', 'indirect_selection': 'eager'}
[0m23:29:19.961313 [debug] [MainThread]: Tracking: tracking
[0m23:29:19.972271 [debug] [MainThread]: Sending event: {'category': 'dbt', 'action': 'invocation', 'label': 'start', 'context': [<snowplow_tracker.self_describing_json.SelfDescribingJson object at 0x107198250>, <snowplow_tracker.self_describing_json.SelfDescribingJson object at 0x107191400>, <snowplow_tracker.self_describing_json.SelfDescribingJson object at 0x1071a2d30>]}
[0m23:29:20.158226 [debug] [MainThread]: Executing "git --help"
[0m23:29:20.164905 [debug] [MainThread]: STDOUT: "b"usage: git [-v | --version] [-h | --help] [-C <path>] [-c <name>=<value>]\n           [--exec-path[=<path>]] [--html-path] [--man-path] [--info-path]\n           [-p | --paginate | -P | --no-pager] [--no-replace-objects] [--bare]\n           [--git-dir=<path>] [--work-tree=<path>] [--namespace=<name>]\n           [--super-prefix=<path>] [--config-env=<name>=<envvar>]\n           <command> [<args>]\n\nThese are common Git commands used in various situations:\n\nstart a working area (see also: git help tutorial)\n   clone     Clone a repository into a new directory\n   init      Create an empty Git repository or reinitialize an existing one\n\nwork on the current change (see also: git help everyday)\n   add       Add file contents to the index\n   mv        Move or rename a file, a directory, or a symlink\n   restore   Restore working tree files\n   rm        Remove files from the working tree and from the index\n\nexamine the history and state (see also: git help revisions)\n   bisect    Use binary search to find the commit that introduced a bug\n   diff      Show changes between commits, commit and working tree, etc\n   grep      Print lines matching a pattern\n   log       Show commit logs\n   show      Show various types of objects\n   status    Show the working tree status\n\ngrow, mark and tweak your common history\n   branch    List, create, or delete branches\n   commit    Record changes to the repository\n   merge     Join two or more development histories together\n   rebase    Reapply commits on top of another base tip\n   reset     Reset current HEAD to the specified state\n   switch    Switch branches\n   tag       Create, list, delete or verify a tag object signed with GPG\n\ncollaborate (see also: git help workflows)\n   fetch     Download objects and refs from another repository\n   pull      Fetch from and integrate with another repository or a local branch\n   push      Update remote refs along with associated objects\n\n'git help -a' and 'git help -g' list available subcommands and some\nconcept guides. See 'git help <command>' or 'git help <concept>'\nto read about a specific subcommand or concept.\nSee 'git help git' for an overview of the system.\n""
[0m23:29:20.165629 [debug] [MainThread]: STDERR: "b''"
[0m23:29:20.172704 [debug] [MainThread]: Acquiring new bigquery connection 'debug'
[0m23:29:20.173140 [debug] [MainThread]: Opening a new connection, currently in state init
[0m23:29:20.631767 [debug] [MainThread]: On debug: select 1 as id
[0m23:29:21.813325 [debug] [MainThread]: BigQuery adapter: https://console.cloud.google.com/bigquery?project=bigquery-northwind-traders&j=bq:US:c9102068-2c97-49ce-9230-364fc66344bb&page=queryresults
[0m23:29:21.814280 [debug] [MainThread]: Sending event: {'category': 'dbt', 'action': 'invocation', 'label': 'end', 'context': [<snowplow_tracker.self_describing_json.SelfDescribingJson object at 0x1082adca0>, <snowplow_tracker.self_describing_json.SelfDescribingJson object at 0x1082ada60>, <snowplow_tracker.self_describing_json.SelfDescribingJson object at 0x10829cd30>]}
[0m23:29:21.814793 [debug] [MainThread]: Flushing usage events
[0m23:29:22.001333 [debug] [MainThread]: Connection 'debug' was properly closed.
